[2013-03-27 16:41:00] START
[2013-03-27 16:41:51] EDIT testing/models/db.py: 40
[2013-03-28 17:36:56] EDIT testing/controllers/default.py: 1
[2013-03-28 17:48:09] EDIT testing/controllers/default.py: 11
[2013-03-28 17:48:18] EDIT testing/controllers/default.py: 0
[2013-03-28 17:49:19] EDIT testing/controllers/default.py: 0
[2013-03-28 17:49:33] EDIT testing/controllers/default.py: 0
[2013-03-28 17:51:10] EDIT testing/models/db.py: 0
[2013-03-28 17:51:41] EDIT testing/models/db.py: 0
[2013-03-28 17:53:55] EDIT testing/controllers/default.py: 0
[2013-03-28 17:53:59] EDIT testing/controllers/default.py: 0
[2013-03-28 18:04:01] EDIT testing/controllers/default.py: 2
[2013-03-28 18:54:00] CREATE default/insert_book.html: 0
[2013-03-28 18:57:53] EDIT testing/views/default/insert_book.html: 9
[2013-03-28 19:18:51] CREATE plugin_lazy_options.py: 0
[2013-03-28 19:19:07] EDIT testing/controllers/plugin_lazy_options.py: 40
[2013-03-28 19:21:21] EDIT testing/controllers/default.py: 40
[2013-03-28 19:21:41] EDIT testing/controllers/default.py: -2
[2013-03-28 19:22:17] EDIT testing/controllers/default.py: -1
[2013-03-28 19:23:49] EDIT testing/controllers/default.py: -2
[2013-03-28 19:28:30] EDIT testing/controllers/default.py: 2
[2013-03-28 19:31:06] EDIT testing/controllers/default.py: 1
[2013-03-28 19:35:16] EDIT testing/controllers/default.py: -9
[2013-03-28 19:36:58] EDIT testing/controllers/default.py: 5
[2013-03-28 19:39:03] EDIT testing/controllers/default.py: 2
[2013-03-28 19:39:43] EDIT testing/controllers/default.py: -9
[2013-03-28 19:40:04] EDIT testing/models/db.py: 8
[2013-03-31 12:36:14] EDIT testing/models/db.py: -2
[2013-03-31 12:36:21] EDIT testing/models/db.py: 0
[2013-03-31 12:37:16] EDIT testing/models/db.py: 1
[2013-03-31 12:41:54] EDIT testing/models/db.py: 0
[2013-03-31 12:45:33] EDIT testing/models/db.py: 0
[2013-03-31 12:52:04] EDIT testing/models/db.py: -1
[2013-03-31 12:53:25] EDIT testing/models/db.py: 1
[2013-03-31 12:53:41] EDIT testing/models/db.py: 0
[2013-03-31 12:54:26] EDIT testing/models/db.py: 0
[2013-03-31 12:55:10] EDIT testing/models/db.py: -6
[2013-03-31 13:05:00] EDIT testing/models/db.py: 0
[2013-03-31 13:10:12] EDIT testing/models/db.py: 0
[2013-03-31 16:07:44] EDIT testing/controllers/default.py: 6
[2013-03-31 16:08:20] EDIT testing/controllers/default.py: -2
[2013-03-31 16:08:34] EDIT testing/controllers/default.py: 0
[2013-03-31 16:08:35] EDIT testing/controllers/default.py: 0
[2013-03-31 16:08:35] EDIT testing/controllers/default.py: 0
[2013-03-31 16:08:36] EDIT testing/controllers/default.py: 0
[2013-03-31 16:08:36] EDIT testing/controllers/default.py: 0
[2013-03-31 16:10:03] EDIT testing/controllers/default.py: 1
[2013-03-31 16:11:39] EDIT testing/controllers/default.py: 1
[2013-03-31 16:11:53] EDIT testing/controllers/default.py: 0
[2013-03-31 16:12:15] EDIT testing/controllers/default.py: 0
[2013-03-31 16:12:25] EDIT testing/controllers/default.py: 0
[2013-03-31 16:13:06] EDIT testing/controllers/default.py: 0
[2013-03-31 16:13:20] EDIT testing/controllers/default.py: 0
[2013-03-31 16:13:33] EDIT testing/controllers/default.py: 0
[2013-03-31 16:13:59] EDIT testing/controllers/default.py: 0
[2013-03-31 16:14:42] EDIT testing/controllers/default.py: 0
[2013-03-31 16:14:54] EDIT testing/controllers/default.py: 0
[2013-03-31 16:15:57] EDIT testing/controllers/default.py: 0
[2013-03-31 16:16:21] EDIT testing/controllers/default.py: 0
[2013-03-31 16:17:45] EDIT testing/controllers/default.py: -7
[2013-03-31 16:18:31] EDIT testing/controllers/default.py: -2
[2013-03-31 16:19:51] EDIT testing/controllers/default.py: 0
[2013-03-31 16:21:05] EDIT testing/controllers/default.py: 0
[2013-03-31 16:22:05] EDIT testing/controllers/default.py: 0
[2013-03-31 16:24:43] EDIT testing/controllers/default.py: 0
[2013-03-31 16:25:38] EDIT testing/controllers/default.py: 1
[2013-03-31 16:26:31] EDIT testing/controllers/default.py: -1
[2013-03-31 16:27:42] EDIT testing/controllers/default.py: 0
[2013-03-31 16:28:46] EDIT testing/controllers/default.py: 0
[2013-03-31 16:31:06] EDIT testing/controllers/default.py: 0
[2013-03-31 16:31:36] EDIT testing/controllers/default.py: 0
[2013-03-31 16:31:59] EDIT testing/controllers/default.py: 0
[2013-03-31 16:32:34] CREATE default/search.html: 0
[2013-03-31 16:32:43] EDIT testing/views/default/search.html: 0
[2013-03-31 16:33:40] EDIT testing/controllers/default.py: 0
[2013-03-31 16:33:47] EDIT testing/controllers/default.py: 0
[2013-03-31 16:34:12] EDIT testing/controllers/default.py: 0
[2013-03-31 16:34:36] EDIT testing/controllers/default.py: 0
[2013-03-31 16:35:27] EDIT testing/controllers/default.py: 0
[2013-03-31 16:35:48] EDIT testing/views/default/search.html: -1
[2013-03-31 16:36:26] EDIT testing/controllers/default.py: 0
[2013-03-31 16:36:46] DELETE testing/views/default/search.html: -2
[2013-03-31 16:39:04] EDIT testing/controllers/default.py: -3
[2013-03-31 17:27:29] EDIT testing/controllers/default.py: 0
[2013-03-31 17:51:44] EDIT testing/controllers/default.py: 0
[2013-03-31 17:52:12] EDIT testing/controllers/default.py: 0
[2013-03-31 17:53:44] EDIT testing/controllers/default.py: 0
[2013-03-31 18:13:18] EDIT testing/controllers/default.py: 1
[2013-03-31 18:13:32] EDIT testing/controllers/default.py: 0
[2013-03-31 18:15:19] EDIT testing/controllers/default.py: 0
[2013-03-31 18:16:09] EDIT testing/controllers/default.py: 0
[2013-03-31 21:27:28] EDIT testing/controllers/default.py: 8
[2013-03-31 21:27:55] EDIT testing/controllers/default.py: 0
[2013-03-31 21:28:14] EDIT testing/controllers/default.py: 0
[2013-03-31 21:28:24] EDIT testing/controllers/default.py: 0
[2013-03-31 21:28:30] EDIT testing/controllers/default.py: 0
[2013-03-31 21:28:48] CREATE default/reqbook.html: 0
[2013-03-31 21:29:15] EDIT testing/views/default/reqbook.html: 0
[2013-03-31 21:31:33] EDIT testing/controllers/default.py: 0
[2013-03-31 21:34:12] DELETE testing/views/default/reqbook.html: -3
[2013-03-31 21:36:55] EDIT testing/controllers/default.py: 0
[2013-03-31 21:38:11] EDIT testing/controllers/default.py: 0
[2013-03-31 21:40:35] EDIT testing/controllers/default.py: 2
[2013-03-31 21:42:11] EDIT testing/controllers/default.py: 0
[2013-03-31 21:53:44] EDIT testing/controllers/default.py: 1
[2013-03-31 21:54:25] EDIT testing/controllers/default.py: 0
[2013-03-31 22:09:28] CREATE default/block.html: 0
[2013-03-31 22:12:44] EDIT testing/views/default/block.html: -1
[2013-03-31 22:23:56] EDIT testing/models/db.py: -1
[2013-03-31 22:27:08] EDIT testing/controllers/default.py: 4
[2013-03-31 22:28:17] EDIT testing/models/db.py: 0
[2013-03-31 22:29:03] EDIT testing/models/db.py: -10
[2013-03-31 22:29:46] EDIT testing/models/db.py: 12
[2013-03-31 22:29:58] EDIT testing/models/db.py: 0
[2013-03-31 22:30:58] EDIT testing/controllers/default.py: 0
[2013-04-01 19:03:49] EDIT testing/models/db.py: 1
[2013-04-01 19:04:57] EDIT testing/models/db.py: -3
[2013-04-01 19:05:12] EDIT testing/models/db.py: -1
[2013-04-01 19:05:30] EDIT testing/models/db.py: 0
[2013-04-01 19:05:43] EDIT testing/models/db.py: 0
[2013-04-01 19:09:14] EDIT testing/models/db.py: 1
[2013-04-01 19:09:30] EDIT testing/models/db.py: 0
[2013-04-01 19:10:19] EDIT testing/models/db.py: 0
[2013-04-01 19:10:59] EDIT testing/models/db.py: 0
[2013-04-01 19:12:40] EDIT testing/models/db.py: 0
[2013-04-01 19:15:05] EDIT testing/models/db.py: 4
[2013-04-01 19:15:15] EDIT testing/models/db.py: 0
[2013-04-01 19:16:48] EDIT testing/models/db.py: 0
[2013-04-01 20:45:02] EDIT testing/models/db.py: 0
[2013-04-01 20:45:54] EDIT testing/models/db.py: 0
[2013-04-01 20:47:41] EDIT testing/models/db.py: -5
[2013-04-01 20:49:23] EDIT testing/models/db.py: 0
[2013-04-01 20:49:36] EDIT testing/models/db.py: 0
[2013-04-01 20:59:20] EDIT testing/controllers/default.py: 0
[2013-04-01 21:05:07] EDIT testing/controllers/default.py: 0
[2013-04-01 21:08:33] EDIT testing/controllers/default.py: 5
[2013-04-01 21:10:37] EDIT testing/controllers/default.py: 0
[2013-04-01 21:11:22] EDIT testing/controllers/default.py: 0
[2013-04-01 21:11:35] EDIT testing/controllers/default.py: 0
[2013-04-01 21:14:30] EDIT testing/controllers/default.py: 0
[2013-04-01 21:14:53] EDIT testing/controllers/default.py: 0
[2013-04-01 21:15:04] EDIT testing/controllers/default.py: 0
[2013-04-01 21:21:45] EDIT testing/controllers/default.py: 0
[2013-04-01 21:22:14] EDIT testing/controllers/default.py: 0
[2013-04-01 21:37:32] EDIT testing/models/db.py: 0
[2013-04-01 21:40:54] EDIT testing/controllers/default.py: 3
[2013-04-01 21:45:53] EDIT testing/controllers/default.py: 0
[2013-04-01 22:10:25] EDIT testing/models/db.py: 0
[2013-04-01 22:10:47] EDIT testing/controllers/default.py: 1
[2013-04-01 22:11:22] EDIT testing/models/db.py: 0
[2013-04-03 14:34:07] EDIT testing/models/db.py: 0
[2013-04-03 14:34:32] EDIT testing/models/db.py: 0
[2013-04-03 14:37:01] EDIT testing/models/db.py: 0
[2013-04-03 14:39:29] EDIT testing/models/db.py: 0
[2013-04-03 14:41:31] EDIT testing/models/db.py: 0
[2013-04-03 14:42:39] EDIT testing/models/db.py: 0
[2013-04-03 14:43:40] EDIT testing/views/default/insert_book.html: -1
[2013-04-03 14:54:17] EDIT testing/controllers/default.py: 1
[2013-04-03 15:26:23] EDIT testing/controllers/default.py: 1
[2013-04-03 15:30:24] EDIT testing/controllers/default.py: 1
[2013-04-03 15:31:10] EDIT testing/controllers/default.py: 0
[2013-04-03 15:31:24] EDIT testing/controllers/default.py: 0
[2013-04-03 15:32:06] EDIT testing/controllers/default.py: 0
[2013-04-03 15:34:40] EDIT testing/controllers/default.py: 0
[2013-04-03 18:17:35] EDIT testing/controllers/default.py: 2
[2013-04-03 18:20:12] EDIT testing/controllers/default.py: 0
[2013-04-03 18:26:38] EDIT testing/controllers/default.py: 1
[2013-04-03 18:27:15] EDIT testing/controllers/default.py: 0
[2013-04-03 18:29:08] EDIT testing/controllers/default.py: 0
[2013-04-03 18:30:45] EDIT testing/controllers/default.py: 0
[2013-04-03 18:31:03] EDIT testing/controllers/default.py: 0
[2013-04-03 18:31:22] EDIT testing/controllers/default.py: 0
[2013-04-03 18:34:16] EDIT testing/controllers/default.py: 2
[2013-04-03 18:35:15] EDIT testing/controllers/default.py: 0
[2013-04-03 18:35:25] EDIT testing/controllers/default.py: 0
[2013-04-03 18:35:55] EDIT testing/controllers/default.py: 0
[2013-04-03 18:36:00] EDIT testing/controllers/default.py: 0
[2013-04-03 18:39:10] EDIT testing/controllers/default.py: 1
[2013-04-03 18:43:14] EDIT testing/controllers/default.py: 0
[2013-04-03 18:44:20] EDIT testing/controllers/default.py: 2
[2013-04-03 18:44:35] EDIT testing/controllers/default.py: 0
[2013-04-03 18:44:52] EDIT testing/controllers/default.py: 0
[2013-04-03 18:45:13] EDIT testing/controllers/default.py: -3
[2013-04-03 18:48:27] EDIT testing/controllers/default.py: 1
[2013-04-03 18:51:19] EDIT testing/controllers/default.py: 0
[2013-04-03 18:55:23] EDIT testing/controllers/default.py: 0
[2013-04-03 19:00:32] EDIT testing/controllers/default.py: 1
[2013-04-03 19:05:00] EDIT testing/controllers/default.py: 0
[2013-04-03 19:06:16] EDIT testing/controllers/default.py: 0
[2013-04-03 19:07:33] EDIT testing/controllers/default.py: 0
[2013-04-03 19:09:14] EDIT testing/controllers/default.py: -1
[2013-04-03 19:15:24] EDIT testing/controllers/default.py: 4
[2013-04-03 19:15:41] EDIT testing/controllers/default.py: 1
[2013-04-03 19:23:24] EDIT testing/controllers/default.py: 0
[2013-04-03 19:27:19] EDIT testing/controllers/default.py: 5
[2013-04-03 19:40:38] EDIT testing/controllers/default.py: -1
[2013-04-03 19:51:59] EDIT testing/controllers/default.py: 3
[2013-04-03 19:52:15] EDIT testing/controllers/default.py: 0
[2013-04-03 19:58:39] EDIT testing/controllers/default.py: 8
[2013-04-03 19:59:21] EDIT testing/controllers/default.py: 0
[2013-04-03 20:00:03] EDIT testing/controllers/default.py: -1
[2013-04-03 20:01:42] EDIT testing/controllers/default.py: 0
[2013-04-03 20:03:28] EDIT testing/controllers/default.py: 1
[2013-04-03 20:04:02] EDIT testing/controllers/default.py: 0
[2013-04-03 20:04:55] EDIT testing/controllers/default.py: 1
[2013-04-03 20:05:13] EDIT testing/controllers/default.py: 0
[2013-04-03 20:06:08] EDIT testing/controllers/default.py: -1
[2013-04-03 20:06:27] EDIT testing/controllers/default.py: 1
[2013-04-03 20:07:04] EDIT testing/controllers/default.py: 0
[2013-04-03 20:08:28] CREATE default/cancelrev.html: 0
[2013-04-03 20:08:37] EDIT testing/views/default/cancelrev.html: 0
[2013-04-03 20:10:17] EDIT testing/controllers/default.py: 0
[2013-04-03 20:16:12] EDIT testing/controllers/default.py: 0
[2013-04-03 20:17:35] EDIT testing/controllers/default.py: 0
[2013-04-03 20:20:06] EDIT testing/controllers/default.py: 0
[2013-04-03 20:22:42] EDIT testing/controllers/default.py: 0
[2013-04-03 20:24:27] EDIT testing/controllers/default.py: 0
[2013-04-03 20:26:26] EDIT testing/controllers/default.py: 3
[2013-04-03 20:26:55] EDIT testing/controllers/default.py: 0
[2013-04-03 20:27:32] EDIT testing/controllers/default.py: 0
[2013-04-03 20:27:40] EDIT testing/controllers/default.py: 0
[2013-04-03 20:29:36] EDIT testing/controllers/default.py: 0
[2013-04-03 20:34:30] DELETE testing/views/default/cancelrev.html: -3
[2013-04-03 21:31:04] EDIT testing/controllers/default.py: 2
[2013-04-03 21:31:17] EDIT testing/controllers/default.py: -1
[2013-04-03 21:31:36] EDIT testing/controllers/default.py: 1
[2013-04-03 21:31:54] EDIT testing/controllers/default.py: 0
[2013-04-03 21:32:53] EDIT testing/controllers/default.py: 0
[2013-04-03 21:38:31] EDIT testing/controllers/default.py: 1
[2013-04-03 21:39:41] EDIT testing/controllers/default.py: 0
[2013-04-03 21:39:53] EDIT testing/controllers/default.py: 0
[2013-04-03 21:40:55] EDIT testing/controllers/default.py: 0
[2013-04-03 21:41:49] EDIT testing/controllers/default.py: 0
[2013-04-03 21:42:18] EDIT testing/controllers/default.py: 0
[2013-04-05 22:33:59] EDIT testing/controllers/default.py: 1
[2013-04-05 22:43:57] EDIT testing/controllers/default.py: 2
[2013-04-05 22:51:27] EDIT testing/controllers/default.py: 0
[2013-04-05 22:51:36] EDIT testing/controllers/default.py: 0
[2013-04-05 22:52:56] EDIT testing/controllers/default.py: 0
[2013-04-05 22:56:53] EDIT testing/controllers/default.py: 1
[2013-04-05 22:58:56] EDIT testing/models/db.py: 0
[2013-04-05 22:59:27] EDIT testing/models/db.py: 0
[2013-04-05 23:08:05] EDIT testing/controllers/default.py: 0
[2013-04-05 23:15:17] EDIT testing/controllers/default.py: 0
[2013-04-05 23:49:00] EDIT testing/controllers/default.py: 5
[2013-04-05 23:49:28] EDIT testing/controllers/default.py: 0
[2013-04-05 23:50:21] EDIT testing/controllers/default.py: 0
[2013-04-05 23:50:55] EDIT testing/controllers/default.py: 0
[2013-04-05 23:51:53] EDIT testing/controllers/default.py: -2
[2013-04-05 23:52:33] EDIT testing/controllers/default.py: 1
[2013-04-05 23:54:12] EDIT testing/controllers/default.py: 0
[2013-04-05 23:55:24] EDIT testing/controllers/default.py: 0
[2013-04-05 23:55:55] EDIT testing/controllers/default.py: 0
[2013-04-05 23:58:11] EDIT testing/controllers/default.py: 0
[2013-04-06 00:11:05] EDIT testing/models/db.py: 0
[2013-04-06 00:16:07] EDIT testing/controllers/default.py: 1
[2013-04-06 00:16:42] EDIT testing/controllers/default.py: 0
[2013-04-06 00:17:57] EDIT testing/controllers/default.py: 0
[2013-04-06 00:26:16] EDIT testing/controllers/default.py: 0
[2013-04-06 15:54:30] EDIT testing/controllers/default.py: 1
[2013-04-06 15:57:03] EDIT testing/controllers/default.py: 0
[2013-04-06 15:57:50] EDIT testing/controllers/default.py: 0
[2013-04-06 15:59:32] EDIT testing/models/db.py: 0
[2013-04-06 16:03:11] EDIT testing/controllers/default.py: 0
[2013-04-06 16:04:23] EDIT testing/controllers/default.py: 0
[2013-04-06 16:40:31] EDIT testing/controllers/default.py: 1
[2013-04-06 16:50:30] CREATE message.html: 0
[2013-04-06 16:52:56] EDIT testing/views/message.html: 2
[2013-04-06 16:53:19] EDIT testing/views/message.html: 0
[2013-04-06 17:09:14] EDIT testing/views/message.html: 0
[2013-04-06 17:09:26] EDIT testing/controllers/default.py: 5
[2013-04-06 17:10:00] EDIT testing/controllers/default.py: 1
[2013-04-06 17:10:48] EDIT testing/controllers/default.py: 0
[2013-04-06 17:11:05] EDIT testing/controllers/default.py: -1
[2013-04-06 17:11:18] EDIT testing/controllers/default.py: 0
[2013-04-06 17:12:12] EDIT testing/models/db.py: 0
[2013-04-06 17:12:26] EDIT testing/controllers/default.py: 0
[2013-04-06 17:14:39] EDIT testing/controllers/default.py: 0
[2013-04-06 17:29:38] EDIT testing/controllers/default.py: 0
[2013-04-06 17:32:33] EDIT testing/controllers/default.py: 2
[2013-04-06 17:33:51] EDIT testing/controllers/default.py: 0
[2013-04-06 17:34:48] EDIT testing/controllers/default.py: 0
[2013-04-06 17:37:12] EDIT testing/controllers/default.py: 0
[2013-04-06 17:39:04] EDIT testing/views/message.html: 0
[2013-04-06 17:41:12] EDIT testing/controllers/default.py: 0
[2013-04-06 17:43:04] EDIT testing/controllers/default.py: 0
[2013-04-06 17:44:21] EDIT testing/controllers/default.py: 0
[2013-04-06 17:45:03] EDIT testing/controllers/default.py: 0
[2013-04-06 17:48:47] EDIT testing/controllers/default.py: 0
[2013-04-06 17:49:08] EDIT testing/controllers/default.py: 0
[2013-04-06 17:49:27] EDIT testing/controllers/default.py: 0
[2013-04-06 17:49:43] EDIT testing/controllers/default.py: 0
[2013-04-06 17:51:00] EDIT testing/controllers/default.py: 2
[2013-04-06 17:51:25] EDIT testing/controllers/default.py: 2
[2013-04-06 17:51:34] EDIT testing/controllers/default.py: 0
[2013-04-06 17:52:26] EDIT testing/controllers/default.py: 0
[2013-04-06 17:52:58] EDIT testing/controllers/default.py: 0
[2013-04-06 17:53:34] EDIT testing/controllers/default.py: 0
[2013-04-06 17:53:50] EDIT testing/controllers/default.py: 0
[2013-04-06 18:07:16] EDIT testing/controllers/default.py: -4
[2013-04-06 18:07:44] EDIT testing/controllers/default.py: 0
[2013-04-06 18:12:30] EDIT testing/controllers/default.py: 0
[2013-04-06 18:13:48] EDIT testing/controllers/default.py: 0
[2013-04-06 18:14:07] EDIT testing/views/message.html: 0
[2013-04-06 18:16:18] EDIT testing/views/message.html: 0
[2013-04-06 18:16:43] EDIT testing/controllers/default.py: 0
[2013-04-06 18:35:20] EDIT testing/controllers/default.py: 0
[2013-04-06 18:35:31] EDIT testing/controllers/default.py: 0
[2013-04-06 18:35:57] EDIT testing/controllers/default.py: 0
[2013-04-06 19:49:40] EDIT testing/controllers/default.py: 0
[2013-04-06 19:52:10] EDIT testing/controllers/default.py: 0
[2013-04-06 19:52:13] EDIT testing/controllers/default.py: 0
[2013-04-06 19:52:44] EDIT testing/models/db.py: 0
[2013-04-06 19:55:55] EDIT testing/controllers/default.py: 4
[2013-04-06 20:02:00] EDIT testing/controllers/default.py: 8
[2013-04-06 20:21:57] EDIT testing/controllers/default.py: -1
[2013-04-06 20:22:30] EDIT testing/controllers/default.py: 1
[2013-04-06 20:22:42] EDIT testing/controllers/default.py: 0
[2013-04-06 20:23:11] EDIT testing/controllers/default.py: 0
[2013-04-06 20:27:33] EDIT testing/controllers/default.py: 0
[2013-04-06 20:29:50] EDIT testing/controllers/default.py: 2
[2013-04-06 20:30:01] EDIT testing/controllers/default.py: 0
[2013-04-06 20:30:12] EDIT testing/controllers/default.py: 0
[2013-04-06 20:30:34] EDIT testing/controllers/default.py: 0
[2013-04-07 00:11:17] EDIT testing/controllers/default.py: 0
[2013-04-07 00:12:46] EDIT testing/controllers/default.py: 0
[2013-04-07 00:14:08] EDIT testing/models/db.py: 0
[2013-04-07 00:14:55] EDIT testing/models/db.py: 0
[2013-04-07 00:23:31] EDIT testing/models/db.py: 0
[2013-04-07 00:28:48] EDIT testing/controllers/default.py: 2
[2013-04-07 00:40:50] EDIT testing/controllers/default.py: 0
[2013-04-07 00:41:51] EDIT testing/controllers/default.py: -2
[2013-04-07 00:42:05] EDIT testing/controllers/default.py: 0
[2013-04-07 00:42:41] EDIT testing/controllers/default.py: 2
[2013-04-07 00:42:48] EDIT testing/controllers/default.py: 0
[2013-04-07 01:01:49] EDIT testing/controllers/default.py: 0
[2013-04-07 11:02:00] EDIT testing/models/db.py: 2
[2013-04-07 11:02:47] EDIT testing/controllers/default.py: 7
[2013-04-07 11:04:35] EDIT testing/controllers/default.py: 0
[2013-04-07 11:05:38] CREATE default/post.load: 0
[2013-04-07 11:09:54] EDIT testing/views/default/post.load: 8
[2013-04-07 11:17:32] EDIT testing/controllers/default.py: -6
[2013-04-07 11:17:56] EDIT testing/models/db.py: -2
[2013-04-07 11:23:51] CREATE default/postcom.html: 0
[2013-04-07 11:23:59] EDIT testing/views/default/postcom.html: 12
[2013-04-07 11:24:22] EDIT testing/controllers/default.py: 6
[2013-04-07 11:24:43] EDIT testing/controllers/default.py: 0
[2013-04-07 11:25:01] DELETE testing/views/default/post.load: -28
[2013-04-07 11:25:13] EDIT testing/views/default/postcom.html: 0
[2013-04-07 11:28:00] EDIT testing/models/db.py: 0
[2013-04-07 11:28:39] EDIT testing/models/db.py: 0
[2013-04-07 11:28:58] EDIT testing/views/default/postcom.html: 0
[2013-04-07 11:29:33] EDIT testing/controllers/default.py: 0
[2013-04-07 11:30:17] EDIT testing/controllers/default.py: 0
[2013-04-07 11:31:04] EDIT testing/controllers/default.py: 0
[2013-04-07 11:31:52] EDIT testing/controllers/default.py: 0
[2013-04-07 11:36:01] EDIT testing/views/default/postcom.html: -1
[2013-04-07 11:36:37] EDIT testing/controllers/default.py: -4
[2013-04-07 11:37:51] EDIT testing/views/default/postcom.html: 1
[2013-04-07 11:39:12] DELETE testing/views/default/postcom.html: -15
[2013-04-07 11:39:30] CREATE default/comms.html: 0
[2013-04-07 11:39:35] EDIT testing/views/default/comms.html: 14
[2013-04-07 11:40:05] EDIT testing/controllers/default.py: 0
[2013-04-07 11:41:04] EDIT testing/controllers/default.py: 6
[2013-04-07 11:41:41] EDIT testing/views/default/comms.html: -2
[2013-04-07 11:42:54] EDIT testing/controllers/default.py: 0
[2013-04-07 11:43:39] EDIT testing/views/default/comms.html: 0
[2013-04-07 11:45:27] EDIT testing/controllers/default.py: 0
[2013-04-07 11:47:28] EDIT testing/views/default/comms.html: 0
[2013-04-07 11:47:59] EDIT testing/views/default/comms.html: 0
[2013-04-07 11:49:18] EDIT testing/models/db.py: 2
[2013-04-07 11:49:42] EDIT testing/controllers/default.py: 0
[2013-04-07 11:49:45] EDIT testing/controllers/default.py: 0
[2013-04-07 11:51:01] EDIT testing/controllers/default.py: 0
[2013-04-07 11:52:29] EDIT testing/controllers/default.py: 0
[2013-04-07 11:55:58] EDIT testing/controllers/default.py: 1
[2013-04-07 11:57:33] EDIT testing/controllers/default.py: 0
[2013-04-07 12:05:31] EDIT testing/views/default/comms.html: 0
[2013-04-07 12:06:16] EDIT testing/views/default/comms.html: 0
[2013-04-07 12:10:23] EDIT testing/views/default/comms.html: 0
[2013-04-07 12:10:39] EDIT testing/views/default/comms.html: 0
[2013-04-07 12:12:31] EDIT testing/views/default/comms.html: 0
[2013-04-07 12:20:39] EDIT testing/models/db.py: 0
[2013-04-07 12:27:55] EDIT testing/controllers/default.py: 3
[2013-04-07 12:32:07] EDIT testing/controllers/default.py: 3
[2013-04-07 12:32:26] EDIT testing/controllers/default.py: 0
[2013-04-07 12:32:47] EDIT testing/controllers/default.py: -2
[2013-04-07 12:34:09] EDIT testing/controllers/default.py: 1
[2013-04-07 12:34:20] CREATE default/viewb2.html: 0
[2013-04-07 12:35:00] EDIT testing/views/default/viewb2.html: 1
[2013-04-07 12:45:25] EDIT testing/views/default/viewb2.html: 0
[2013-04-07 12:46:03] EDIT testing/controllers/default.py: 0
[2013-04-07 12:46:54] EDIT testing/views/default/viewb2.html: -1
[2013-04-07 12:48:13] EDIT testing/controllers/default.py: 0
[2013-04-07 12:48:31] EDIT testing/controllers/default.py: 0
[2013-04-07 12:48:51] EDIT testing/views/default/viewb2.html: 0
[2013-04-07 12:49:36] EDIT testing/views/default/viewb2.html: 0
[2013-04-07 12:50:57] EDIT testing/views/default/viewb2.html: 0
[2013-04-07 12:51:57] EDIT testing/views/default/viewb2.html: 0
[2013-04-07 12:52:17] EDIT testing/views/default/viewb2.html: 0
[2013-04-07 12:58:43] EDIT testing/controllers/default.py: 0
[2013-04-07 12:59:05] EDIT testing/views/default/viewb2.html: 0
[2013-04-07 13:00:13] EDIT testing/controllers/default.py: 0
[2013-04-07 15:00:19] DELETE testing/views/default/viewb2.html: -3
[2013-04-07 15:00:29] CREATE default/comments.html: 0
[2013-04-07 15:01:01] EDIT testing/views/default/comments.html: 0
[2013-04-07 15:01:11] EDIT testing/controllers/default.py: 0
[2013-04-07 15:02:42] EDIT testing/controllers/default.py: 1
[2013-04-07 15:03:03] EDIT testing/models/db.py: 0
[2013-04-07 15:03:21] EDIT testing/controllers/default.py: 0
[2013-04-07 15:03:34] EDIT testing/views/default/comments.html: 1
[2013-04-07 15:07:12] EDIT testing/controllers/default.py: 4
[2013-04-07 15:09:03] EDIT testing/views/default/comments.html: -1
[2013-04-07 15:10:02] EDIT testing/controllers/default.py: 0
[2013-04-07 15:46:52] EDIT testing/models/db.py: 1
[2013-04-07 15:47:12] EDIT testing/models/db.py: 0
[2013-04-07 15:47:46] EDIT testing/controllers/default.py: 8
[2013-04-07 15:48:17] EDIT testing/controllers/default.py: 0
[2013-04-07 15:49:09] EDIT testing/controllers/default.py: -4
[2013-04-07 15:57:25] EDIT testing/models/db.py: 1
[2013-04-07 16:08:48] EDIT testing/models/db.py: 0
[2013-04-07 16:13:28] EDIT testing/controllers/default.py: 0
[2013-04-07 16:13:47] EDIT testing/controllers/default.py: 0
[2013-04-07 16:15:04] EDIT testing/controllers/default.py: 0
[2013-04-07 16:16:36] EDIT testing/controllers/default.py: 1
[2013-04-07 16:17:31] EDIT testing/controllers/default.py: 0
[2013-04-07 16:18:55] EDIT testing/controllers/default.py: 0
[2013-04-07 16:19:28] EDIT testing/controllers/default.py: 0
[2013-04-07 16:21:30] EDIT testing/controllers/default.py: -1
[2013-04-07 16:21:51] EDIT testing/controllers/default.py: 0
[2013-04-07 16:27:04] EDIT testing/controllers/default.py: 4
[2013-04-07 16:27:23] EDIT testing/controllers/default.py: 0
[2013-04-07 16:28:02] EDIT testing/controllers/default.py: 0
[2013-04-07 16:28:17] EDIT testing/controllers/default.py: 0
[2013-04-07 16:28:28] CREATE default/rate.html: 0
[2013-04-07 16:31:00] EDIT testing/views/default/rate.html: 4
[2013-04-07 16:32:00] EDIT testing/views/default/rate.html: 0
[2013-04-07 16:32:59] EDIT testing/views/default/rate.html: 0
[2013-04-07 16:36:59] EDIT testing/controllers/default.py: 5
[2013-04-07 16:38:16] EDIT testing/controllers/default.py: -2
[2013-04-07 16:39:01] EDIT testing/controllers/default.py: 1
[2013-04-07 16:39:16] EDIT testing/controllers/default.py: 0
[2013-04-07 16:40:05] EDIT testing/views/default/rate.html: -2
[2013-04-07 16:41:13] EDIT testing/controllers/default.py: 0
[2013-04-07 16:41:24] EDIT testing/controllers/default.py: 0
[2013-04-07 16:42:16] EDIT testing/controllers/default.py: 0
[2013-04-07 16:58:03] EDIT testing/models/db.py: 0
[2013-04-07 16:59:47] EDIT testing/controllers/default.py: 0
[2013-04-07 17:01:08] EDIT testing/controllers/default.py: 0
[2013-04-07 17:01:51] EDIT testing/controllers/default.py: 0
[2013-04-07 17:03:02] EDIT testing/controllers/default.py: 0
[2013-04-07 17:03:53] EDIT testing/controllers/default.py: 0
[2013-04-07 17:04:10] EDIT testing/controllers/default.py: 0
[2013-04-07 17:05:36] EDIT testing/controllers/default.py: 0
[2013-04-07 17:47:27] EDIT testing/controllers/default.py: 7
[2013-04-07 17:48:56] EDIT testing/controllers/default.py: 0
[2013-04-07 17:49:32] EDIT testing/controllers/default.py: 0
[2013-04-07 17:52:28] EDIT testing/controllers/default.py: 0
[2013-04-07 17:56:14] EDIT testing/controllers/default.py: 0
[2013-04-07 18:01:32] EDIT testing/controllers/default.py: 0
[2013-04-07 18:04:01] EDIT testing/controllers/default.py: 7
[2013-04-07 18:17:24] EDIT testing/models/db.py: 2
[2013-04-07 18:20:28] EDIT testing/controllers/default.py: 1
[2013-04-07 18:23:08] EDIT testing/controllers/default.py: 2
[2013-04-07 18:24:32] EDIT testing/controllers/default.py: 2
[2013-04-07 18:24:54] EDIT testing/controllers/default.py: 0
[2013-04-07 18:25:07] EDIT testing/controllers/default.py: 0
[2013-04-07 18:25:25] EDIT testing/controllers/default.py: 0
[2013-04-07 18:26:11] EDIT testing/models/db.py: 0
[2013-04-07 18:26:40] EDIT testing/controllers/default.py: 0
[2013-04-07 18:30:22] EDIT testing/models/db.py: 0
[2013-04-07 18:32:06] EDIT testing/controllers/default.py: -1
[2013-04-07 18:32:44] EDIT testing/views/default/rate.html: -2
[2013-04-07 18:34:00] EDIT testing/views/default/rate.html: 1
[2013-04-07 18:36:14] EDIT testing/controllers/default.py: 2
[2013-04-07 18:37:00] EDIT testing/controllers/default.py: 0
[2013-04-07 18:38:16] EDIT testing/controllers/default.py: 2
[2013-04-07 18:39:45] EDIT testing/controllers/default.py: 2
[2013-04-07 18:40:34] EDIT testing/controllers/default.py: 0
[2013-04-07 18:41:31] EDIT testing/controllers/default.py: -2
[2013-04-07 18:46:43] EDIT testing/controllers/default.py: 0
[2013-04-12 22:32:14] EDIT testing/controllers/default.py: 3
[2013-04-12 22:44:49] EDIT testing/controllers/default.py: 0
[2013-04-13 00:16:40] EDIT testing/controllers/default.py: 7
[2013-04-13 00:17:09] EDIT testing/controllers/default.py: 0
[2013-04-13 00:17:34] CREATE block_message.html: 0
[2013-04-13 00:18:35] EDIT testing/views/block_message.html: 1
[2013-04-13 00:23:01] EDIT testing/controllers/default.py: 2
[2013-04-13 00:24:38] EDIT testing/views/block_message.html: 0
[2013-04-13 00:25:58] EDIT testing/controllers/default.py: 0
[2013-04-13 00:26:36] EDIT testing/views/block_message.html: 0
[2013-04-13 00:27:08] EDIT testing/controllers/default.py: 0
[2013-04-13 00:40:54] EDIT testing/views/message.html: 0
[2013-04-14 11:37:17] EDIT testing/models/db.py: 1
[2013-04-14 11:38:02] EDIT testing/models/db.py: 0
[2013-04-14 11:38:59] EDIT testing/models/db.py: 0
[2013-04-14 11:40:04] EDIT testing/models/db.py: 0
[2013-04-14 11:41:11] EDIT testing/controllers/default.py: 2
[2013-04-14 11:42:11] EDIT testing/controllers/default.py: 0
[2013-04-14 11:43:01] EDIT testing/controllers/default.py: 1
[2013-04-14 12:43:17] EDIT testing/controllers/default.py: 0
[2013-04-14 13:01:41] EDIT testing/models/db.py: 0
[2013-04-14 13:17:38] EDIT testing/models/db.py: 0
[2013-04-14 13:17:57] EDIT testing/models/db.py: 0
[2013-04-14 13:18:01] EDIT testing/models/db.py: 0
[2013-04-14 13:30:36] EDIT testing/controllers/default.py: 6
[2013-04-14 13:30:59] EDIT testing/models/db.py: 0
[2013-04-14 13:31:35] EDIT testing/models/db.py: 0
[2013-04-14 13:34:42] CREATE whohasbook.html: 0
[2013-04-14 13:35:12] EDIT testing/views/block_message.html: 0
[2013-04-14 13:36:21] EDIT testing/views/whohasbook.html: 2
[2013-04-14 13:44:22] EDIT testing/controllers/default.py: 5
[2013-04-14 13:44:33] EDIT testing/controllers/default.py: 0
[2013-04-14 13:44:58] EDIT testing/views/whohasbook.html: 0
[2013-04-14 13:45:10] EDIT testing/controllers/default.py: 0
[2013-04-14 13:47:21] EDIT testing/controllers/default.py: 0
[2013-04-14 13:47:57] EDIT testing/views/whohasbook.html: 0
[2013-04-14 13:49:33] EDIT testing/views/block_message.html: 0
[2013-04-14 15:15:51] EDIT testing/controllers/default.py: 7
[2013-04-14 15:16:08] EDIT testing/controllers/default.py: 0
[2013-04-14 15:16:20] EDIT testing/controllers/default.py: 0
[2013-04-14 15:17:30] EDIT testing/views/default/comments.html: 1
[2013-04-14 15:18:44] EDIT testing/models/db.py: 0
[2013-04-14 15:19:46] EDIT testing/controllers/default.py: 0
[2013-04-14 15:20:24] EDIT testing/views/default/comments.html: -1
[2013-04-14 15:20:48] EDIT testing/views/default/comments.html: 1
[2013-04-14 15:22:01] EDIT testing/controllers/default.py: 0
[2013-04-14 15:24:07] EDIT testing/controllers/default.py: 0
[2013-04-14 15:51:33] EDIT testing/controllers/default.py: 2
[2013-04-14 15:51:52] CREATE default/rollingstones.html: 0
[2013-04-14 16:08:59] EDIT testing/views/default/rollingstones.html: 7
[2013-04-14 16:09:58] EDIT testing/views/default/rollingstones.html: 0
[2013-04-14 16:10:58] EDIT testing/views/default/rollingstones.html: 0
[2013-04-14 16:11:54] EDIT testing/views/default/rollingstones.html: 0
[2013-04-14 16:30:30] EDIT testing/models/db.py: 5
[2013-04-14 16:30:47] EDIT testing/models/db.py: 0
[2013-04-14 16:31:14] EDIT testing/models/db.py: 0
[2013-04-14 17:07:11] EDIT testing/models/db.py: 0
[2013-04-14 17:08:16] EDIT testing/models/db.py: 0
[2013-04-14 17:29:27] EDIT testing/controllers/default.py: 51
[2013-04-14 18:17:41] EDIT testing/models/db.py: 6
[2013-04-14 18:37:14] EDIT testing/models/db.py: -6
[2013-04-14 19:00:44] EDIT testing/models/db.py: 3
[2013-04-14 19:06:07] EDIT testing/controllers/default.py: 0
[2013-04-14 19:06:27] EDIT testing/controllers/default.py: 0
[2013-04-14 19:07:19] EDIT testing/models/db.py: -3
[2013-04-14 19:07:28] EDIT testing/controllers/default.py: 3
[2013-04-14 19:09:16] EDIT testing/controllers/default.py: -2
[2013-04-14 19:12:04] EDIT testing/controllers/default.py: 0
[2013-04-14 19:18:49] EDIT testing/controllers/default.py: 1
[2013-04-14 19:23:33] EDIT testing/controllers/default.py: -1
[2013-04-14 19:24:01] EDIT testing/controllers/default.py: 0
[2013-04-14 19:24:29] EDIT testing/models/db.py: 3
[2013-04-14 19:24:44] EDIT testing/models/db.py: 0
[2013-04-14 23:58:43] EDIT testing/models/db.py: -3
[2013-04-15 00:02:45] EDIT testing/models/db.py: 0
[2013-04-15 15:56:42] EDIT testing/controllers/default.py: 8
[2013-04-15 15:58:15] EDIT testing/controllers/default.py: -4
[2013-04-15 15:58:24] EDIT testing/controllers/default.py: 0
[2013-04-15 15:58:46] EDIT testing/controllers/default.py: 0
[2013-04-15 15:59:07] EDIT testing/controllers/default.py: 0
[2013-04-15 15:59:18] EDIT testing/controllers/default.py: 0
[2013-04-15 16:01:04] EDIT testing/controllers/default.py: 0
[2013-04-15 16:01:37] EDIT testing/views/default/rollingstones.html: -8
[2013-04-15 16:06:33] EDIT testing/controllers/default.py: 0
[2013-04-15 16:08:54] EDIT testing/controllers/default.py: 0
[2013-04-15 16:18:37] EDIT testing/controllers/default.py: 0
[2013-04-15 16:19:07] EDIT testing/controllers/default.py: 0
[2013-04-15 16:24:53] EDIT testing/controllers/default.py: 4
[2013-04-15 16:25:19] EDIT testing/controllers/default.py: 0
[2013-04-15 19:06:56] EDIT testing/controllers/default.py: 1
[2013-04-15 19:08:54] EDIT testing/controllers/default.py: 0
[2013-04-15 19:13:37] EDIT testing/controllers/default.py: 1
[2013-04-15 19:14:23] DELETE testing/views/default/myuser.html: -54
[2013-04-15 19:15:27] DELETE testing/views/default/admin.html: -37
[2013-04-15 19:23:58] EDIT testing/controllers/default.py: 0
[2013-04-15 19:24:24] EDIT testing/controllers/default.py: 0
[2013-04-15 19:31:26] EDIT testing/views/default/myuser.html: -14
[2013-04-15 19:32:40] EDIT testing/views/default/myuser.html: 0
[2013-04-15 19:36:52] EDIT testing/controllers/default.py: 0
[2013-04-15 19:36:57] EDIT testing/views/default/myuser.html: 0
[2013-04-15 19:39:41] EDIT testing/views/default/myuser.html: 0
[2013-04-15 19:39:52] EDIT testing/controllers/default.py: 0
[2013-04-15 19:40:27] EDIT testing/views/default/myuser.html: -1
[2013-04-15 19:45:20] EDIT testing/views/default/myuser.html: 1
[2013-04-15 19:45:51] EDIT testing/controllers/default.py: 0
[2013-04-15 19:45:54] EDIT testing/views/default/myuser.html: 0
[2013-04-15 19:46:42] EDIT testing/views/default/myuser.html: 0
[2013-04-15 19:55:12] EDIT testing/views/default/myuser.html: 0
[2013-04-15 19:55:23] EDIT testing/controllers/default.py: 0
[2013-04-15 19:55:33] EDIT testing/controllers/default.py: 0
[2013-04-15 19:57:03] EDIT testing/views/default/myuser.html: 0
[2013-04-15 19:59:06] EDIT testing/views/default/myuser.html: 0
[2013-04-15 20:00:29] EDIT testing/controllers/default.py: 0
[2013-04-15 20:00:35] EDIT testing/views/default/myuser.html: 0
[2013-04-15 20:00:57] EDIT testing/controllers/default.py: 0
[2013-04-15 20:02:17] EDIT testing/views/default/myuser.html: 0
[2013-04-15 20:02:50] EDIT testing/views/default/myuser.html: -39
[2013-04-15 20:06:14] EDIT testing/controllers/default.py: 0
[2013-04-15 20:11:57] EDIT testing/controllers/default.py: 12
[2013-04-15 20:13:32] EDIT testing/controllers/default.py: 0
[2013-04-15 20:13:44] EDIT testing/views/default/myuser.html: 0
[2013-04-15 20:14:21] EDIT testing/views/default/myuser.html: 0
[2013-04-15 20:15:26] EDIT testing/views/default/myuser.html: 0
[2013-04-15 20:16:30] EDIT testing/views/default/myuser.html: 0
[2013-04-15 20:17:38] EDIT testing/views/default/myuser.html: 0
[2013-04-15 20:18:32] EDIT testing/views/default/myuser.html: 0
[2013-04-15 20:19:06] EDIT testing/views/default/myuser.html: 0
[2013-04-15 20:28:49] EDIT testing/views/default/myuser.html: 0
[2013-04-15 20:29:12] EDIT testing/views/default/myuser.html: 0
[2013-04-15 20:29:56] EDIT testing/views/default/myuser.html: 0
[2013-04-15 20:30:59] EDIT testing/views/default/myuser.html: 0
[2013-04-15 20:34:37] EDIT testing/controllers/default.py: 2
[2013-04-15 20:40:41] EDIT testing/views/layout.html: 0
[2013-04-15 20:41:15] EDIT testing/views/layout.html: 1
[2013-04-15 20:48:06] EDIT testing/views/layout.html: 0
[2013-04-15 20:50:13] EDIT testing/views/layout.html: 0
[2013-04-15 20:51:36] EDIT testing/views/layout.html: 0
[2013-04-15 20:52:48] EDIT testing/views/layout.html: 0
[2013-04-15 20:53:57] EDIT testing/views/default/insert_book.html: -9
[2013-04-15 20:55:21] EDIT testing/views/layout.html: 0
[2013-04-15 20:56:55] EDIT testing/controllers/default.py: 2
[2013-04-15 20:57:06] EDIT testing/controllers/default.py: 0
[2013-04-15 21:00:29] EDIT testing/views/default/myuser.html: 0
[2013-04-15 21:00:53] EDIT testing/views/default/myuser.html: 0
[2013-04-15 21:04:20] EDIT testing/views/default/myuser.html: 0
[2013-04-16 18:48:33] EDIT testing/controllers/default.py: 1
[2013-04-16 18:51:46] EDIT testing/views/default/index.html: -2
[2013-04-16 18:52:19] EDIT testing/controllers/default.py: 1
[2013-04-16 18:53:02] EDIT testing/controllers/default.py: -1
[2013-04-16 18:54:19] EDIT testing/views/default/myuser.html: 1
[2013-04-16 18:55:28] EDIT testing/controllers/default.py: 0
[2013-04-16 18:58:33] EDIT testing/views/default/myuser.html: 0
[2013-04-16 19:03:21] EDIT testing/views/default/myuser.html: 0
[2013-04-16 19:04:20] EDIT testing/views/default/myuser.html: 0
[2013-04-16 19:04:35] EDIT testing/views/default/myuser.html: 0
[2013-04-16 19:04:36] EDIT testing/views/default/myuser.html: 0
[2013-04-16 19:04:36] EDIT testing/views/default/myuser.html: 0
[2013-04-16 19:10:41] EDIT testing/views/default/myuser.html: 0
[2013-04-16 19:11:05] EDIT testing/views/default/myuser.html: 0
[2013-04-16 19:11:23] EDIT testing/views/default/myuser.html: 0
[2013-04-16 19:14:26] EDIT testing/views/default/myuser.html: 0
[2013-04-16 19:15:02] EDIT testing/views/default/myuser.html: 0
[2013-04-16 19:17:49] EDIT testing/views/default/myuser.html: 0
[2013-04-16 19:23:36] EDIT testing/views/default/myuser.html: 0
[2013-04-16 19:25:08] EDIT testing/views/default/myuser.html: 0
[2013-04-16 19:28:06] EDIT testing/views/default/myuser.html: 0
[2013-04-16 19:31:05] EDIT testing/views/default/myuser.html: 0
[2013-04-16 19:31:28] EDIT testing/views/default/myuser.html: 0
[2013-04-16 19:34:44] EDIT testing/views/default/myuser.html: 14
[2013-04-16 19:35:02] EDIT testing/views/default/myuser.html: 0
[2013-04-16 19:35:23] EDIT testing/views/default/myuser.html: 0
[2013-04-16 19:35:41] EDIT testing/views/default/myuser.html: 0
[2013-04-16 19:35:53] EDIT testing/views/default/myuser.html: 0
[2013-04-16 19:36:18] EDIT testing/views/default/myuser.html: 0
[2013-04-16 19:37:06] EDIT testing/views/default/myuser.html: 0
[2013-04-16 19:37:23] EDIT testing/views/default/myuser.html: 0
[2013-04-16 19:37:38] EDIT testing/views/default/myuser.html: 0
[2013-04-16 19:37:45] EDIT testing/views/default/myuser.html: 0
[2013-04-16 19:39:02] EDIT testing/views/default/myuser.html: 0
[2013-04-16 19:44:52] EDIT testing/views/default/myuser.html: 16
[2013-04-16 19:45:16] EDIT testing/views/default/myuser.html: 0
[2013-04-16 19:45:36] EDIT testing/views/default/myuser.html: 0
[2013-04-16 19:45:59] EDIT testing/views/default/myuser.html: 0
[2013-04-16 19:48:10] EDIT testing/views/default/myuser.html: 0
[2013-04-16 19:48:39] EDIT testing/views/default/myuser.html: 0
[2013-04-16 19:49:18] EDIT testing/views/default/myuser.html: 0
[2013-04-16 19:49:43] EDIT testing/views/default/myuser.html: 0
[2013-04-16 19:56:08] EDIT testing/views/default/myuser.html: 2
[2013-04-16 19:57:03] EDIT testing/controllers/default.py: 0
[2013-04-16 19:57:11] EDIT testing/views/default/myuser.html: 0
[2013-04-16 19:58:37] EDIT testing/controllers/default.py: 0
[2013-04-16 19:59:32] EDIT testing/views/default/myuser.html: 0
[2013-04-16 20:02:20] EDIT testing/views/default/myuser.html: -2
[2013-04-16 20:02:56] EDIT testing/controllers/default.py: 0
[2013-04-16 20:04:14] EDIT testing/views/default/myuser.html: 2
[2013-04-16 20:04:21] EDIT testing/controllers/default.py: 0
[2013-04-16 20:05:18] EDIT testing/views/default/myuser.html: 0
[2013-04-16 20:05:38] EDIT testing/views/default/myuser.html: 0
[2013-04-16 20:06:42] EDIT testing/views/default/myuser.html: -29
[2013-04-16 20:12:02] EDIT testing/views/default/myuser.html: 0
[2013-04-16 20:13:16] EDIT testing/views/default/myuser.html: 0
[2013-04-16 20:14:28] EDIT testing/controllers/default.py: 2
[2013-04-16 20:14:43] EDIT testing/views/default/myuser.html: 0
[2013-04-16 20:22:46] EDIT testing/controllers/default.py: -2
[2013-04-16 20:30:41] EDIT testing/controllers/default.py: 0
[2013-04-16 20:31:22] EDIT testing/controllers/default.py: 0
[2013-04-16 20:32:55] EDIT testing/controllers/default.py: 0
[2013-04-16 20:37:59] EDIT testing/controllers/default.py: 0
[2013-04-16 20:38:18] EDIT testing/controllers/default.py: 0
[2013-04-17 16:22:18] EDIT testing/controllers/default.py: 0
[2013-04-30 04:13:06] EDIT testing/controllers/default.py: -1
[2013-04-30 04:15:02] EDIT testing/controllers/default.py: 0
[2013-04-30 04:15:26] EDIT testing/controllers/default.py: 0
[2013-04-30 04:52:52] EDIT testing/controllers/default.py: 4
[2013-04-30 04:53:32] EDIT testing/controllers/default.py: 0
[2013-04-30 04:56:00] EDIT testing/controllers/default.py: 0
[2013-04-30 04:57:50] EDIT testing/controllers/default.py: 0
[2013-04-30 04:59:53] EDIT testing/controllers/default.py: 1
[2013-04-30 05:03:30] EDIT testing/controllers/default.py: 0
[2013-04-30 05:03:44] EDIT testing/controllers/default.py: 0
[2013-04-30 05:07:06] EDIT testing/controllers/default.py: 1
[2013-04-30 05:11:32] EDIT testing/views/default/admin.html: 0
[2013-04-30 05:16:23] EDIT testing/controllers/default.py: 1
[2013-04-30 15:53:52] EDIT testing/models/db.py: 0
[2013-04-30 15:55:44] EDIT testing/controllers/default.py: 0
[2013-04-30 15:57:35] EDIT testing/controllers/default.py: 0
[2013-04-30 16:00:12] EDIT testing/controllers/default.py: 0
[2013-04-30 16:03:43] EDIT testing/controllers/default.py: -1
[2013-04-30 16:04:00] EDIT testing/controllers/default.py: 0
[2013-04-30 16:04:37] EDIT testing/controllers/default.py: -1
[2013-04-30 16:05:57] EDIT testing/controllers/default.py: 0
[2013-04-30 16:09:18] EDIT testing/controllers/default.py: 0
[2013-04-30 16:09:25] EDIT testing/controllers/default.py: 0
[2013-04-30 16:10:20] EDIT testing/controllers/default.py: -4
[2013-04-30 16:10:40] EDIT testing/controllers/default.py: 0
[2013-04-30 16:11:11] EDIT testing/controllers/default.py: 0
[2013-04-30 16:12:19] EDIT testing/controllers/default.py: 0
[2013-04-30 16:19:06] EDIT testing/controllers/default.py: 2
[2013-04-30 16:20:59] EDIT testing/controllers/default.py: 0
[2013-04-30 16:21:35] EDIT testing/controllers/default.py: 2
[2013-04-30 16:21:46] EDIT testing/controllers/default.py: 0
[2013-04-30 16:31:04] EDIT testing/controllers/default.py: 0
[2013-04-30 16:32:17] EDIT testing/controllers/default.py: 0
[2013-04-30 16:34:38] CREATE default/search.html: 0
[2013-04-30 16:34:50] EDIT testing/views/default/search.html: -1
[2013-04-30 16:41:07] EDIT testing/controllers/default.py: 2
[2013-04-30 16:42:38] EDIT testing/controllers/default.py: 1
[2013-04-30 16:46:25] EDIT testing/controllers/default.py: -1
[2013-04-30 16:52:28] EDIT testing/views/message.html: -1
[2013-04-30 16:54:00] CREATE default/reslist.html: 0
[2013-04-30 16:54:15] EDIT testing/views/default/reslist.html: -1
[2013-04-30 17:00:15] EDIT testing/controllers/default.py: -5
[2013-04-30 17:00:28] EDIT testing/controllers/default.py: -1
[2013-04-30 17:21:23] EDIT testing/controllers/default.py: -2
[2013-04-30 17:26:46] EDIT testing/views/default/faq.html: 0
[2013-04-30 17:46:12] EDIT testing/controllers/default.py: -2
